<?xml version="1.0" encoding="UTF-8"?>
<!-- Generated by org.testng.reporters.JUnitReportReporter -->
<testsuite hostname="DESKTOP-VHPODQ5" failures="0" tests="5" name="annotations.priority" time="0.015" errors="0" timestamp="2025-01-08T18:59:08 IST" skipped="0">
  <testcase classname="annotations.priority" name="B" time="0.011"/>
  <system-out>
    <![CDATA[B is running]]>
  </system-out>
  <testcase classname="annotations.priority" name="TC1" time="0.001"/>
  <system-out>
    <![CDATA[TC1 is a priority]]>
  </system-out>
  <testcase classname="annotations.priority" name="TC2" time="0.001"/>
  <system-out>
    <![CDATA[Tc2 is priorty]]>
  </system-out>
  <testcase classname="annotations.priority" name="C" time="0.001"/>
  <system-out>
    <![CDATA[C is running]]>
  </system-out>
  <testcase classname="annotations.priority" name="D" time="0.001"/>
  <system-out>
    <![CDATA[D is running]]>
  </system-out>
</testsuite> <!-- annotations.priority -->
