<?xml version="1.0" encoding="UTF-8"?>
<!-- Generated by org.testng.reporters.JUnitReportReporter -->
<testsuite hostname="DESKTOP-VHPODQ5" failures="0" tests="2" name="annotations.report" time="0.011" errors="0" timestamp="2025-01-07T19:05:45 IST" skipped="0">
  <testcase classname="annotations.report" name="genrateReport" time="0.010"/>
  <system-out>
    <![CDATA[valid home page]]>
  </system-out>
  <testcase classname="annotations.report" name="genrateReport1" time="0.001"/>
  <system-out>
    <![CDATA[valid Home Page]]>
  </system-out>
</testsuite> <!-- annotations.report -->
