<?xml version="1.0" encoding="UTF-8"?>
<!-- Generated by org.testng.reporters.JUnitReportReporter -->
<testsuite hostname="DESKTOP-VHPODQ5" failures="0" tests="2" name="annotations.genrateReport" time="0.010" errors="0" timestamp="2025-01-08T15:42:12 IST" skipped="0">
  <testcase classname="annotations.genrateReport" name="validateUserId" time="0.002"/>
  <system-out>
    <![CDATA[userId Validation is done]]>
  </system-out>
  <testcase classname="annotations.genrateReport" name="ValidationPin" time="0.008"/>
  <system-out>
    <![CDATA[pinvalidation done]]>
  </system-out>
</testsuite> <!-- annotations.genrateReport -->
