<?xml version="1.0" encoding="UTF-8"?>
<!-- Generated by org.testng.reporters.JUnitReportReporter -->
<testsuite hostname="DESKTOP-VHPODQ5" failures="0" tests="5" name="annotations.invocationCount" time="0.022" errors="0" timestamp="2025-01-08T18:37:02 IST" skipped="0">
  <testcase classname="annotations.invocationCount" name="TC1" time="0.004"/>
  <system-out>
    <![CDATA[TC1 running]]>
  </system-out>
  <testcase classname="annotations.invocationCount" name="TC1" time="0.002"/>
  <system-out>
    <![CDATA[TC1 running]]>
  </system-out>
  <testcase classname="annotations.invocationCount" name="TC1" time="0.007"/>
  <system-out>
    <![CDATA[TC1 running]]>
  </system-out>
  <testcase classname="annotations.invocationCount" name="TC1" time="0.001"/>
  <system-out>
    <![CDATA[TC1 running]]>
  </system-out>
  <testcase classname="annotations.invocationCount" name="TC1" time="0.008"/>
  <system-out>
    <![CDATA[TC1 running]]>
  </system-out>
</testsuite> <!-- annotations.invocationCount -->
