<?xml version="1.0" encoding="UTF-8"?>
<!-- Generated by org.testng.reporters.JUnitXMLReporter -->
<testsuite ignored="0" hostname="DESKTOP-VHPODQ5" failures="0" tests="5" name="Default test" time="0.054" errors="0" timestamp="2025-01-08T18:59:08 IST">
  <testcase classname="annotations.priority" name="B" time="0.011"/>
  <testcase classname="annotations.priority" name="TC1" time="0.001"/>
  <testcase classname="annotations.priority" name="TC2" time="0.001"/>
  <testcase classname="annotations.priority" name="C" time="0.001"/>
  <testcase classname="annotations.priority" name="D" time="0.001"/>
</testsuite> <!-- Default test -->
