<?xml version="1.0" encoding="UTF-8"?>
<testng-results ignored="0" total="5" passed="5" failed="0" skipped="0">
  <reporter-output>
    <line>
      <![CDATA[B is running]]>
    </line>
    <line>
      <![CDATA[TC1 is a priority]]>
    </line>
    <line>
      <![CDATA[Tc2 is priorty]]>
    </line>
    <line>
      <![CDATA[C is running]]>
    </line>
    <line>
      <![CDATA[D is running]]>
    </line>
  </reporter-output>
  <suite started-at="2025-01-08T18:59:08 IST" name="Default suite" finished-at="2025-01-08T18:59:08 IST" duration-ms="54">
    <groups>
    </groups>
    <test started-at="2025-01-08T18:59:08 IST" name="Default test" finished-at="2025-01-08T18:59:08 IST" duration-ms="54">
      <class name="annotations.priority">
        <test-method signature="B()[pri:-3, instance:annotations.priority@6973b51b]" started-at="2025-01-08T18:59:08 IST" name="B" finished-at="2025-01-08T18:59:08 IST" duration-ms="11" status="PASS">
          <reporter-output>
            <line>
              <![CDATA[B is running]]>
            </line>
          </reporter-output>
        </test-method> <!-- B -->
        <test-method signature="TC1()[pri:-1, instance:annotations.priority@6973b51b]" started-at="2025-01-08T18:59:08 IST" name="TC1" finished-at="2025-01-08T18:59:08 IST" duration-ms="1" status="PASS">
          <reporter-output>
            <line>
              <![CDATA[TC1 is a priority]]>
            </line>
          </reporter-output>
        </test-method> <!-- TC1 -->
        <test-method signature="TC2()[pri:2, instance:annotations.priority@6973b51b]" started-at="2025-01-08T18:59:08 IST" name="TC2" finished-at="2025-01-08T18:59:08 IST" duration-ms="1" status="PASS">
          <reporter-output>
            <line>
              <![CDATA[Tc2 is priorty]]>
            </line>
          </reporter-output>
        </test-method> <!-- TC2 -->
        <test-method signature="C()[pri:3, instance:annotations.priority@6973b51b]" started-at="2025-01-08T18:59:08 IST" name="C" finished-at="2025-01-08T18:59:08 IST" duration-ms="1" status="PASS">
          <reporter-output>
            <line>
              <![CDATA[C is running]]>
            </line>
          </reporter-output>
        </test-method> <!-- C -->
        <test-method signature="D()[pri:4, instance:annotations.priority@6973b51b]" started-at="2025-01-08T18:59:08 IST" name="D" finished-at="2025-01-08T18:59:08 IST" duration-ms="1" status="PASS">
          <reporter-output>
            <line>
              <![CDATA[D is running]]>
            </line>
          </reporter-output>
        </test-method> <!-- D -->
      </class> <!-- annotations.priority -->
    </test> <!-- Default test -->
  </suite> <!-- Default suite -->
</testng-results>
